2013-12-08 15:12:14.113 TimeyWimeyApp[15819:80b] Multi-tasking -> Device: YES, App: YES
2013-12-08 15:12:14.440 TimeyWimeyApp[15819:80b] Unlimited access to network resources
2013-12-08 15:12:18.485 TimeyWimeyApp[15819:80b] Resetting plugins due to page load.
2013-12-08 15:12:19.428 TimeyWimeyApp[15819:80b] Finished load of: file:///Users/jorgeja/Library/Application%20Support/iPhone%20Simulator/7.0.3/Applications/4667C3CD-CE25-41A6-9BF4-F2CB19E89326/TimeyWimeyApp.app/www/index.html#/
2013-12-08 15:50:00.520 TimeyWimeyApp[17589:80b] Multi-tasking -> Device: YES, App: YES
2013-12-08 15:50:00.967 TimeyWimeyApp[17589:80b] Unlimited access to network resources
2013-12-08 15:50:03.803 TimeyWimeyApp[17589:80b] Resetting plugins due to page load.
2013-12-08 15:50:05.051 TimeyWimeyApp[17589:80b] Finished load of: file:///Users/jorgeja/Library/Application%20Support/iPhone%20Simulator/7.0.3/Applications/4667C3CD-CE25-41A6-9BF4-F2CB19E89326/TimeyWimeyApp.app/www/index.html#/
2013-12-08 15:57:38.768 TimeyWimeyApp[18432:80b] Multi-tasking -> Device: YES, App: YES
2013-12-08 15:57:38.810 TimeyWimeyApp[18432:80b] Unlimited access to network resources
2013-12-08 15:57:38.906 TimeyWimeyApp[18432:80b] Resetting plugins due to page load.
2013-12-08 15:57:39.471 TimeyWimeyApp[18432:80b] Finished load of: file:///Users/jorgeja/Library/Application%20Support/iPhone%20Simulator/7.0.3/Applications/4667C3CD-CE25-41A6-9BF4-F2CB19E89326/TimeyWimeyApp.app/www/index.html#/
2013-12-08 16:17:18.763 TimeyWimeyApp[19437:80b] Multi-tasking -> Device: YES, App: YES
2013-12-08 16:17:18.803 TimeyWimeyApp[19437:80b] Unlimited access to network resources
2013-12-08 16:17:19.158 TimeyWimeyApp[19437:80b] Resetting plugins due to page load.
2013-12-08 16:17:19.548 TimeyWimeyApp[19437:80b] Finished load of: file:///Users/jorgeja/Library/Application%20Support/iPhone%20Simulator/7.0.3/Applications/4667C3CD-CE25-41A6-9BF4-F2CB19E89326/TimeyWimeyApp.app/www/index.html#/
2013-12-08 16:23:12.532 TimeyWimeyApp[20273:80b] Multi-tasking -> Device: YES, App: YES
2013-12-08 16:23:12.753 TimeyWimeyApp[20273:80b] Unlimited access to network resources
2013-12-08 16:23:13.557 TimeyWimeyApp[20273:80b] Resetting plugins due to page load.
2013-12-08 16:23:13.959 TimeyWimeyApp[20273:80b] Finished load of: file:///Users/jorgeja/Library/Application%20Support/iPhone%20Simulator/7.0.3/Applications/097A79E0-3790-4964-94D1-3AD83B4AB7D5/TimeyWimeyApp.app/www/index.html#/
